13-Nov-2019 15:20:14.793 INFO [main] org.apache.catalina.core.AprLifecycleListener.lifecycleEvent The APR based Apache Tomcat Native library which allows optimal performance in production environments was not found on the java.library.path: [C:\Program Files\Java\jdk1.8.0_231\jre\bin;C:\Windows\Sun\Java\bin;C:\Windows\system32;C:\Windows;C:\Program Files (x86)\Common Files\Oracle\Java\javapath;C:\ProgramData\Oracle\Java\javapath;C:\Program Files\Common Files\Microsoft Shared\Windows Live;C:\Program Files (x86)\Common Files\Microsoft Shared\Windows Live;C:\Program Files (x86)\Intel\iCLS Client\;C:\Program Files\Intel\iCLS Client\;C:\Program Files\Dell\DW WLAN Card;C:\Windows\system32;C:\Windows;C:\Windows\System32\Wbem;C:\Program Files\WIDCOMM\Bluetooth Software\;C:\Program Files\WIDCOMM\Bluetooth Software\syswow64;C:\Program Files\Dell\Dell Data Protection\Access\Advanced\Wave\Gemalto\Access Client\v5\;C:\Program Files (x86)\Security Innovation\SI TSS\bin\;C:\Program Files (x86)\Windows Live\Shared;C:\Program Files (x86)\Microsoft SQL Server\100\Tools\Binn\;C:\Program Files\Microsoft SQL Server\100\Tools\Binn\;C:\Program Files\Microsoft SQL Server\100\DTS\Binn\;C:\Program Files (x86)\Microsoft SQL Server\100\Tools\Binn\VSShell\Common7\IDE\;C:\Program Files (x86)\Microsoft Visual Studio 9.0\Common7\IDE\PrivateAssemblies\;C:\Program Files (x86)\Microsoft SQL Server\100\DTS\Binn\;C:\Program Files\Microsoft\Web Platform Installer\;C:\Program Files (x86)\Microsoft ASP.NET\ASP.NET Web Pages\v1.0\;C:\Program Files\Microsoft SQL Server\110\Tools\Binn\;C:\Windows\System32\WindowsPowerShell\v1.0\;C:\Windows\System32\WindowsPowerShell\v1.0\;C:\Program Files (x86)\GtkSharp\2.12\bin;C:\Program Files (x86)\Projeny\Bin;C:\Program Files\dotnet\;C:\Program Files (x86)\Intel\Intel(R) Management Engine Components\DAL;C:\Program Files\Intel\Intel(R) Management Engine Components\DAL;C:\Program Files (x86)\Intel\Intel(R) Management Engine Components\IPT;C:\Program Files\Intel\Intel(R) Management Engine Components\IPT;C:\Program Files (x86)\Intel\UCRT\;C:\Program Files\Intel\UCRT\;C:\Windows\System32\WindowsPowerShell\v1.0\;C:\Program Files\nodejs\;C:\Program Files\Microsoft SQL Server\130\Tools\Binn\;C:\FV\Maven\apache-maven-3.6.1\bin;C:\Program Files\Git\cmd;C:\Program Files\Java\jre1.8.0_231\bin;C:\Program Files\Java\jdk1.8.0_65\bin;C:\Program Files\MySQL\MySQL Shell 8.0\bin\;<JAVA_HOME>\bin;C:\Program Files\Java\jdk1.8.0_231\bin;C:\FV\materiale\apache-maven-3.6.2\bin;.]
13-Nov-2019 15:20:15.344 INFO [main] org.apache.coyote.AbstractProtocol.init Initializing ProtocolHandler ["http-nio-8080"]
13-Nov-2019 15:20:15.642 INFO [main] org.apache.coyote.AbstractProtocol.init Initializing ProtocolHandler ["ajp-nio-8009"]
13-Nov-2019 15:20:15.651 INFO [main] org.apache.catalina.startup.Catalina.load Server initialization in [1,132] milliseconds
13-Nov-2019 15:20:16.589 INFO [main] org.apache.catalina.core.StandardService.startInternal Starting service [Catalina]
13-Nov-2019 15:20:16.590 INFO [main] org.apache.catalina.core.StandardEngine.startInternal Starting Servlet engine: [Apache Tomcat/9.0.20]
13-Nov-2019 15:20:16.603 INFO [main] org.apache.catalina.startup.HostConfig.deployDescriptor Deploying deployment descriptor [C:\FV\sito\alligator\target\tomcat9x\conf\Catalina\localhost\site.xml]
13-Nov-2019 15:20:25.441 INFO [main] org.apache.catalina.startup.HostConfig.deployDescriptor Deployment of deployment descriptor [C:\FV\sito\alligator\target\tomcat9x\conf\Catalina\localhost\site.xml] has finished in [8,838] ms
13-Nov-2019 15:20:25.445 INFO [main] org.apache.catalina.startup.HostConfig.deployWAR Deploying web application archive [C:\FV\sito\alligator\target\tomcat9x\webapps\cargocpc.war]
13-Nov-2019 15:20:25.726 INFO [main] org.apache.catalina.startup.HostConfig.deployWAR Deployment of web application archive [C:\FV\sito\alligator\target\tomcat9x\webapps\cargocpc.war] has finished in [281] ms
13-Nov-2019 15:20:25.728 INFO [main] org.apache.catalina.startup.HostConfig.deployDirectory Deploying web application directory [C:\FV\sito\alligator\target\tomcat9x\webapps\cms]
13-Nov-2019 15:21:45.319 INFO [main] org.apache.catalina.startup.HostConfig.deployDirectory Deployment of web application directory [C:\FV\sito\alligator\target\tomcat9x\webapps\cms] has finished in [79,591] ms
13-Nov-2019 15:21:45.320 INFO [main] org.apache.catalina.startup.HostConfig.deployDirectory Deploying web application directory [C:\FV\sito\alligator\target\tomcat9x\webapps\essentials]
13-Nov-2019 15:21:58.986 INFO [main] org.apache.cxf.endpoint.ServerImpl.initDestination Setting the server's publish address to be /
13-Nov-2019 15:21:59.453 INFO [main] org.apache.cxf.endpoint.ServerImpl.initDestination Setting the server's publish address to be /system
13-Nov-2019 15:21:59.501 INFO [main] org.apache.catalina.startup.HostConfig.deployDirectory Deployment of web application directory [C:\FV\sito\alligator\target\tomcat9x\webapps\essentials] has finished in [14,181] ms
13-Nov-2019 15:21:59.502 INFO [main] org.apache.catalina.startup.HostConfig.deployDirectory Deploying web application directory [C:\FV\sito\alligator\target\tomcat9x\webapps\host-manager]
13-Nov-2019 15:21:59.586 INFO [main] org.apache.catalina.startup.HostConfig.deployDirectory Deployment of web application directory [C:\FV\sito\alligator\target\tomcat9x\webapps\host-manager] has finished in [84] ms
13-Nov-2019 15:21:59.586 INFO [main] org.apache.catalina.startup.HostConfig.deployDirectory Deploying web application directory [C:\FV\sito\alligator\target\tomcat9x\webapps\manager]
13-Nov-2019 15:21:59.662 INFO [main] org.apache.catalina.startup.HostConfig.deployDirectory Deployment of web application directory [C:\FV\sito\alligator\target\tomcat9x\webapps\manager] has finished in [75] ms
13-Nov-2019 15:21:59.672 INFO [main] org.apache.coyote.AbstractProtocol.start Starting ProtocolHandler ["http-nio-8080"]
13-Nov-2019 15:21:59.688 INFO [main] org.apache.coyote.AbstractProtocol.start Starting ProtocolHandler ["ajp-nio-8009"]
13-Nov-2019 15:21:59.695 INFO [main] org.apache.catalina.startup.Catalina.start Server startup in [104,038] milliseconds
